<?xml version="1.0" encoding="UTF-8"?>
<!-- Generated by org.testng.reporters.JUnitReportReporter -->
<testsuite skipped="0" hostname="JDW10STD00241" name="AutomationPackage.SecondClass" tests="1" failures="0" timestamp="15 May 2018 11:06:03 GMT" time="8.546" errors="0">
  <testcase name="verifyHomepageTitle" time="8.546" classname="AutomationPackage.SecondClass"/>
</testsuite> <!-- AutomationPackage.SecondClass -->
