<?xml version="1.0" encoding="UTF-8"?>
<!-- Generated by org.testng.reporters.JUnitReportReporter -->
<testsuite skipped="0" hostname="DELL7490-2341" name="TestVagrant.TestVagrant.Tests.WeatherReportUITest" tests="1" failures="0" timestamp="2020-07-21T16:12:55 IST" time="0.008" errors="0">
  <testcase name="getWeatherDetailsUI" time="0.008" classname="TestVagrant.TestVagrant.Tests.WeatherReportUITest"/>
</testsuite> <!-- TestVagrant.TestVagrant.Tests.WeatherReportUITest -->
